0:0:0:0:0:0:0:1 - - [24/Nov/2019:20:42:34 -0600] "POST /register/employee HTTP/1.1" 500 161
0:0:0:0:0:0:0:1 - - [24/Nov/2019:20:49:06 -0600] "POST /register/employee HTTP/1.1" 500 161
0:0:0:0:0:0:0:1 - - [24/Nov/2019:20:55:44 -0600] "POST /register/employee HTTP/1.1" 500 161
0:0:0:0:0:0:0:1 - - [24/Nov/2019:21:07:09 -0600] "POST /register/employee HTTP/1.1" 200 75
0:0:0:0:0:0:0:1 - - [24/Nov/2019:21:14:41 -0600] "POST /register/employee HTTP/1.1" 200 74
0:0:0:0:0:0:0:1 - - [24/Nov/2019:21:14:49 -0600] "GET /employee/employees HTTP/1.1" 200 141
0:0:0:0:0:0:0:1 - - [24/Nov/2019:21:17:17 -0600] "POST /register/employee HTTP/1.1" 200 71
0:0:0:0:0:0:0:1 - - [24/Nov/2019:21:17:39 -0600] "POST /register/employee HTTP/1.1" 200 72
0:0:0:0:0:0:0:1 - - [24/Nov/2019:21:17:44 -0600] "GET /employee/employees HTTP/1.1" 200 264
0:0:0:0:0:0:0:1 - - [24/Nov/2019:21:17:52 -0600] "GET /employee/employees HTTP/1.1" 200 264
0:0:0:0:0:0:0:1 - - [24/Nov/2019:21:18:09 -0600] "POST /register/employee HTTP/1.1" 200 71
0:0:0:0:0:0:0:1 - - [24/Nov/2019:21:18:14 -0600] "GET /employee/employees HTTP/1.1" 200 326
0:0:0:0:0:0:0:1 - - [24/Nov/2019:21:38:28 -0600] "GET /v2/api-docs HTTP/1.1" 200 6526
0:0:0:0:0:0:0:1 - - [24/Nov/2019:21:40:10 -0600] "GET /swagger-ui.html HTTP/1.1" 200 3318
0:0:0:0:0:0:0:1 - - [24/Nov/2019:21:40:10 -0600] "GET /webjars/springfox-swagger-ui/springfox.css?v=2.9.2 HTTP/1.1" 200 2894
0:0:0:0:0:0:0:1 - - [24/Nov/2019:21:40:10 -0600] "GET /webjars/springfox-swagger-ui/springfox.js?v=2.9.2 HTTP/1.1" 200 96207
0:0:0:0:0:0:0:1 - - [24/Nov/2019:21:40:10 -0600] "GET /webjars/springfox-swagger-ui/swagger-ui.css?v=2.9.2 HTTP/1.1" 200 154488
0:0:0:0:0:0:0:1 - - [24/Nov/2019:21:40:10 -0600] "GET /webjars/springfox-swagger-ui/swagger-ui-standalone-preset.js?v=2.9.2 HTTP/1.1" 200 440850
0:0:0:0:0:0:0:1 - - [24/Nov/2019:21:40:10 -0600] "GET /webjars/springfox-swagger-ui/swagger-ui-bundle.js?v=2.9.2 HTTP/1.1" 200 1448844
0:0:0:0:0:0:0:1 - - [24/Nov/2019:21:40:11 -0600] "GET /webjars/springfox-swagger-ui/favicon-32x32.png?v=2.9.2 HTTP/1.1" 200 1141
0:0:0:0:0:0:0:1 - - [24/Nov/2019:21:40:11 -0600] "GET /swagger-resources/configuration/ui HTTP/1.1" 200 462
0:0:0:0:0:0:0:1 - - [24/Nov/2019:21:40:11 -0600] "GET /swagger-resources/configuration/security HTTP/1.1" 200 12
0:0:0:0:0:0:0:1 - - [24/Nov/2019:21:40:11 -0600] "GET /swagger-resources HTTP/1.1" 200 101
0:0:0:0:0:0:0:1 - - [24/Nov/2019:21:40:11 -0600] "GET /v2/api-docs HTTP/1.1" 200 6526
0:0:0:0:0:0:0:1 - - [24/Nov/2019:21:40:11 -0600] "GET / HTTP/1.1" 404 132
0:0:0:0:0:0:0:1 - - [24/Nov/2019:21:40:11 -0600] "GET /webjars/springfox-swagger-ui/fonts/titillium-web-v6-latin-700.woff2 HTTP/1.1" 200 11640
0:0:0:0:0:0:0:1 - - [24/Nov/2019:21:40:12 -0600] "GET /csrf HTTP/1.1" 404 136
0:0:0:0:0:0:0:1 - - [24/Nov/2019:21:40:12 -0600] "GET /webjars/springfox-swagger-ui/fonts/open-sans-v15-latin-700.woff2 HTTP/1.1" 200 14720
0:0:0:0:0:0:0:1 - - [24/Nov/2019:21:40:12 -0600] "GET /webjars/springfox-swagger-ui/fonts/source-code-pro-v7-latin-300.woff2 HTTP/1.1" 200 13292
0:0:0:0:0:0:0:1 - - [24/Nov/2019:21:40:12 -0600] "GET /webjars/springfox-swagger-ui/fonts/open-sans-v15-latin-regular.woff2 HTTP/1.1" 200 14048
0:0:0:0:0:0:0:1 - - [24/Nov/2019:21:40:23 -0600] "GET /webjars/springfox-swagger-ui/fonts/source-code-pro-v7-latin-600.woff2 HTTP/1.1" 200 12956
0:0:0:0:0:0:0:1 - - [24/Nov/2019:21:40:31 -0600] "GET /webjars/springfox-swagger-ui/fonts/titillium-web-v6-latin-600.woff2 HTTP/1.1" 200 12148
0:0:0:0:0:0:0:1 - - [24/Nov/2019:21:40:37 -0600] "GET /webjars/springfox-swagger-ui/fonts/titillium-web-v6-latin-regular.woff2 HTTP/1.1" 200 12264
0:0:0:0:0:0:0:1 - - [24/Nov/2019:21:40:46 -0600] "GET /employee/employees HTTP/1.1" 200 326
