0:0:0:0:0:0:0:1 - - [26/Nov/2019:00:22:21 -0600] "POST /register/employee HTTP/1.1" 200 108
0:0:0:0:0:0:0:1 - - [26/Nov/2019:00:22:33 -0600] "GET /employee/employees HTTP/1.1" 404 150
0:0:0:0:0:0:0:1 - - [26/Nov/2019:00:22:57 -0600] "GET /employees HTTP/1.1" 200 102
0:0:0:0:0:0:0:1 - - [26/Nov/2019:00:27:31 -0600] "POST /register/employee HTTP/1.1" 415 218
0:0:0:0:0:0:0:1 - - [26/Nov/2019:00:27:43 -0600] "GET /employees HTTP/1.1" 200 102
0:0:0:0:0:0:0:1 - - [26/Nov/2019:00:27:56 -0600] "GET /swagger-ui.html HTTP/1.1" 200 3318
0:0:0:0:0:0:0:1 - - [26/Nov/2019:00:27:56 -0600] "GET /webjars/springfox-swagger-ui/springfox.css?v=2.9.2 HTTP/1.1" 200 2894
0:0:0:0:0:0:0:1 - - [26/Nov/2019:00:27:56 -0600] "GET /webjars/springfox-swagger-ui/swagger-ui.css?v=2.9.2 HTTP/1.1" 200 154488
0:0:0:0:0:0:0:1 - - [26/Nov/2019:00:27:56 -0600] "GET /webjars/springfox-swagger-ui/springfox.js?v=2.9.2 HTTP/1.1" 200 96207
0:0:0:0:0:0:0:1 - - [26/Nov/2019:00:27:56 -0600] "GET /webjars/springfox-swagger-ui/swagger-ui-standalone-preset.js?v=2.9.2 HTTP/1.1" 200 440850
0:0:0:0:0:0:0:1 - - [26/Nov/2019:00:27:56 -0600] "GET /webjars/springfox-swagger-ui/swagger-ui-bundle.js?v=2.9.2 HTTP/1.1" 200 1448844
0:0:0:0:0:0:0:1 - - [26/Nov/2019:00:28:01 -0600] "GET /swagger-resources/configuration/ui HTTP/1.1" 200 462
0:0:0:0:0:0:0:1 - - [26/Nov/2019:00:28:01 -0600] "GET /swagger-resources/configuration/security HTTP/1.1" 200 12
0:0:0:0:0:0:0:1 - - [26/Nov/2019:00:28:01 -0600] "GET /swagger-resources HTTP/1.1" 200 101
0:0:0:0:0:0:0:1 - - [26/Nov/2019:00:28:02 -0600] "GET / HTTP/1.1" 404 132
0:0:0:0:0:0:0:1 - - [26/Nov/2019:00:28:02 -0600] "GET /webjars/springfox-swagger-ui/fonts/titillium-web-v6-latin-700.woff2 HTTP/1.1" 200 11640
0:0:0:0:0:0:0:1 - - [26/Nov/2019:00:28:02 -0600] "GET /v2/api-docs HTTP/1.1" 200 6472
0:0:0:0:0:0:0:1 - - [26/Nov/2019:00:28:02 -0600] "GET /csrf HTTP/1.1" 404 136
0:0:0:0:0:0:0:1 - - [26/Nov/2019:00:28:03 -0600] "GET /webjars/springfox-swagger-ui/fonts/open-sans-v15-latin-700.woff2 HTTP/1.1" 200 14720
0:0:0:0:0:0:0:1 - - [26/Nov/2019:00:28:03 -0600] "GET /webjars/springfox-swagger-ui/fonts/source-code-pro-v7-latin-300.woff2 HTTP/1.1" 200 13292
0:0:0:0:0:0:0:1 - - [26/Nov/2019:00:28:03 -0600] "GET /webjars/springfox-swagger-ui/fonts/open-sans-v15-latin-regular.woff2 HTTP/1.1" 200 14048
0:0:0:0:0:0:0:1 - - [26/Nov/2019:00:58:20 -0600] "POST /register/employee HTTP/1.1" 415 218
0:0:0:0:0:0:0:1 - - [26/Nov/2019:00:58:26 -0600] "GET /employees HTTP/1.1" 200 102
